-------------------------------------------------------------------------------
Test set: com.sai.books.textbooks.test.TextBooksTest
-------------------------------------------------------------------------------
Tests run: 1, Failures: 0, Errors: 1, Skipped: 0, Time elapsed: 0.861 s <<< FAILURE! - in com.sai.books.textbooks.test.TextBooksTest
com.sai.books.textbooks.test.TextBooksTest  Time elapsed: 0.846 s  <<< ERROR!
java.lang.IllegalStateException: Unable to find a @SpringBootConfiguration, you need to use @ContextConfiguration or @SpringBootTest(classes=...) with your test

