-------------------------------------------------------------------------------
Test set: com.sai.store.books.textbooks.test.TextBooksTests
-------------------------------------------------------------------------------
Tests run: 3, Failures: 0, Errors: 1, Skipped: 0, Time elapsed: 23.207 s <<< FAILURE! - in com.sai.store.books.textbooks.test.TextBooksTests
getAllTextBooks  Time elapsed: 5.108 s  <<< ERROR!
java.net.ConnectException: Connection refused: connect
	at com.sai.store.books.textbooks.test.TextBooksTests.getAllTextBooks(TextBooksTests.java:29)

