-------------------------------------------------------------------------------
Test set: Controller.TextBooksControllerTest
-------------------------------------------------------------------------------
Tests run: 1, Failures: 0, Errors: 1, Skipped: 0, Time elapsed: 0.053 s <<< FAILURE! - in Controller.TextBooksControllerTest
Controller.TextBooksControllerTest  Time elapsed: 0.052 s  <<< ERROR!
java.lang.IllegalStateException: Unable to find a @SpringBootConfiguration, you need to use @ContextConfiguration or @SpringBootTest(classes=...) with your test

