<?xml version="1.0" encoding="UTF-8"?>
<testsuite xmlns:xsi="http://www.w3.org/2001/XMLSchema-instance" xsi:noNamespaceSchemaLocation="https://maven.apache.org/surefire/maven-surefire-plugin/xsd/surefire-test-report.xsd" name="Controller.TextBooksTest" time="0.031" tests="1" errors="1" skipped="0" failures="0">
  <properties>
[...]
</properties>
  <testcase name="Controller.TextBooksTest" classname="Controller.TextBooksTest" time="0.031">
    <error message="Unable to find a @SpringBootConfiguration, you need to use @ContextConfiguration or @SpringBootTest(classes=...) with your test" type="java.lang.IllegalStateException">java.lang.IllegalStateException: Unable to find a @SpringBootConfiguration, you need to use @ContextConfiguration or @SpringBootTest(classes=...) with your test
</error>
    <system-out><![CDATA[2019-04-22 21:49:42.900  INFO 10048 --- [           main] .b.t.c.SpringBootTestContextBootstrapper : Neither @ContextConfiguration nor @ContextHierarchy found for test class [Controller.TextBooksTest], using SpringBootContextLoader
2019-04-22 21:49:42.900  INFO 10048 --- [           main] o.s.t.c.support.AbstractContextLoader    : Could not detect default resource locations for test class [Controller.TextBooksTest]: no resource found for suffixes {-context.xml, Context.groovy}.
2019-04-22 21:49:42.900  INFO 10048 --- [           main] t.c.s.AnnotationConfigContextLoaderUtils : Could not detect default configuration classes for test class [Controller.TextBooksTest]: TextBooksTest does not declare any static, non-private, non-final, nested classes annotated with @Configuration.
2019-04-22 21:49:42.916  INFO 10048 --- [           main] .b.t.c.SpringBootTestContextBootstrapper : Neither @ContextConfiguration nor @ContextHierarchy found for test class [Controller.TextBooksTest], using SpringBootContextLoader
2019-04-22 21:49:42.916  INFO 10048 --- [           main] o.s.t.c.support.AbstractContextLoader    : Could not detect default resource locations for test class [Controller.TextBooksTest]: no resource found for suffixes {-context.xml, Context.groovy}.
2019-04-22 21:49:42.916  INFO 10048 --- [           main] t.c.s.AnnotationConfigContextLoaderUtils : Could not detect default configuration classes for test class [Controller.TextBooksTest]: TextBooksTest does not declare any static, non-private, non-final, nested classes annotated with @Configuration.
2019-04-22 21:49:42.931  INFO 10048 --- [           main] .b.t.c.SpringBootTestContextBootstrapper : Neither @ContextConfiguration nor @ContextHierarchy found for test class [Controller.TextBooksTest], using SpringBootContextLoader
2019-04-22 21:49:42.931  INFO 10048 --- [           main] o.s.t.c.support.AbstractContextLoader    : Could not detect default resource locations for test class [Controller.TextBooksTest]: no resource found for suffixes {-context.xml, Context.groovy}.
2019-04-22 21:49:42.931  INFO 10048 --- [           main] t.c.s.AnnotationConfigContextLoaderUtils : Could not detect default configuration classes for test class [Controller.TextBooksTest]: TextBooksTest does not declare any static, non-private, non-final, nested classes annotated with @Configuration.
]]></system-out>
  </testcase>
</testsuite>